   0  $accept : %entry% $end

   1  program :
   2          | program node

   3  node : NODE ID LPAREN formal_list_opt RPAREN LBRACE var_decl_list fun_decl_list compound_statement RBRACE

   4  fun_decl_list :
   5                | fun_decl_list fun_decl

   6  fun_decl : FUN dtype ID LPAREN formal_list_opt RPAREN LBRACE var_decl_list compound_statement RBRACE

   7  compound_statement :
   8                     | compound_statement stmt

   9  stmt : expr SEMI
  10       | LBRACE compound_statement RBRACE
  11       | IF LPAREN expr RPAREN stmt
  12       | IF LPAREN expr RPAREN stmt ELSE stmt
  13       | WHILE LPAREN expr RPAREN stmt
  14       | FOR LPAREN expr SEMI expr SEMI expr RPAREN stmt
  15       | BREAK SEMI
  16       | CONTINUE SEMI
  17       | RETURN expr SEMI
  18       | RETURN SEMI

  19  formal_list_opt :
  20                  | formal_list

  21  formal_list : dtype ID
  22              | formal_list COMMA dtype ID

  23  actual_list_opt :
  24                  | actual_list

  25  actual_list : expr
  26              | actual_list COMMA expr

  27  var_decl_list :
  28                | var_decl_list var_decl

  29  var_decl : dtype ID ASSIGN expr SEMI

  30  expr : ID
  31       | ID ASSIGN expr
  32       | CCONST
  33       | SCONST
  34       | LCONST
  35       | DCONST
  36       | BCONST
  37       | expr PLUS expr
  38       | expr MINUS expr
  39       | expr TIMES expr
  40       | expr DIVIDE expr
  41       | expr MOD expr
  42       | expr EQ expr
  43       | expr NEQ expr
  44       | expr LT expr
  45       | expr GT expr
  46       | expr LEQ expr
  47       | expr GEQ expr
  48       | expr AND expr
  49       | expr OR expr
  50       | ID LPAREN actual_list_opt RPAREN
  51       | LPAREN expr RPAREN
  52       | NOT expr

  53  dtype : CHAR
  54        | STRING
  55        | INT
  56        | FLOAT
  57        | BOOL
  58        | VOID

  59  %entry% : '\001' program

state 0
	$accept : . %entry% $end  (0)

	'\001'  shift 1
	.  error

	%entry%  goto 2


state 1
	%entry% : '\001' . program  (59)
	program : .  (1)

	.  reduce 1

	program  goto 3


state 2
	$accept : %entry% . $end  (0)

	$end  accept


state 3
	program : program . node  (2)
	%entry% : '\001' program .  (59)

	NODE  shift 4
	$end  reduce 59

	node  goto 5


state 4
	node : NODE . ID LPAREN formal_list_opt RPAREN LBRACE var_decl_list fun_decl_list compound_statement RBRACE  (3)

	ID  shift 6
	.  error


state 5
	program : program node .  (2)

	.  reduce 2


state 6
	node : NODE ID . LPAREN formal_list_opt RPAREN LBRACE var_decl_list fun_decl_list compound_statement RBRACE  (3)

	LPAREN  shift 7
	.  error


state 7
	node : NODE ID LPAREN . formal_list_opt RPAREN LBRACE var_decl_list fun_decl_list compound_statement RBRACE  (3)
	formal_list_opt : .  (19)

	INT  shift 8
	CHAR  shift 9
	FLOAT  shift 10
	STRING  shift 11
	BOOL  shift 12
	VOID  shift 13
	RPAREN  reduce 19

	formal_list_opt  goto 14
	dtype  goto 15
	formal_list  goto 16


state 8
	dtype : INT .  (55)

	.  reduce 55


state 9
	dtype : CHAR .  (53)

	.  reduce 53


state 10
	dtype : FLOAT .  (56)

	.  reduce 56


state 11
	dtype : STRING .  (54)

	.  reduce 54


state 12
	dtype : BOOL .  (57)

	.  reduce 57


state 13
	dtype : VOID .  (58)

	.  reduce 58


state 14
	node : NODE ID LPAREN formal_list_opt . RPAREN LBRACE var_decl_list fun_decl_list compound_statement RBRACE  (3)

	RPAREN  shift 17
	.  error


state 15
	formal_list : dtype . ID  (21)

	ID  shift 18
	.  error


state 16
	formal_list_opt : formal_list .  (20)
	formal_list : formal_list . COMMA dtype ID  (22)

	COMMA  shift 19
	RPAREN  reduce 20


state 17
	node : NODE ID LPAREN formal_list_opt RPAREN . LBRACE var_decl_list fun_decl_list compound_statement RBRACE  (3)

	LBRACE  shift 20
	.  error


state 18
	formal_list : dtype ID .  (21)

	.  reduce 21


state 19
	formal_list : formal_list COMMA . dtype ID  (22)

	INT  shift 8
	CHAR  shift 9
	FLOAT  shift 10
	STRING  shift 11
	BOOL  shift 12
	VOID  shift 13
	.  error

	dtype  goto 21


state 20
	node : NODE ID LPAREN formal_list_opt RPAREN LBRACE . var_decl_list fun_decl_list compound_statement RBRACE  (3)
	var_decl_list : .  (27)

	.  reduce 27

	var_decl_list  goto 22


state 21
	formal_list : formal_list COMMA dtype . ID  (22)

	ID  shift 23
	.  error


state 22
	node : NODE ID LPAREN formal_list_opt RPAREN LBRACE var_decl_list . fun_decl_list compound_statement RBRACE  (3)
	var_decl_list : var_decl_list . var_decl  (28)
	fun_decl_list : .  (4)

	INT  shift 8
	CHAR  shift 9
	FLOAT  shift 10
	STRING  shift 11
	BOOL  shift 12
	VOID  shift 13
	LPAREN  reduce 4
	LBRACE  reduce 4
	RBRACE  reduce 4
	ID  reduce 4
	FUN  reduce 4
	LCONST  reduce 4
	DCONST  reduce 4
	CCONST  reduce 4
	SCONST  reduce 4
	BCONST  reduce 4
	BREAK  reduce 4
	CONTINUE  reduce 4
	FOR  reduce 4
	IF  reduce 4
	RETURN  reduce 4
	WHILE  reduce 4
	NOT  reduce 4

	fun_decl_list  goto 24
	dtype  goto 25
	var_decl  goto 26


state 23
	formal_list : formal_list COMMA dtype ID .  (22)

	.  reduce 22


state 24
	node : NODE ID LPAREN formal_list_opt RPAREN LBRACE var_decl_list fun_decl_list . compound_statement RBRACE  (3)
	fun_decl_list : fun_decl_list . fun_decl  (5)
	compound_statement : .  (7)

	FUN  shift 27
	LPAREN  reduce 7
	LBRACE  reduce 7
	RBRACE  reduce 7
	ID  reduce 7
	LCONST  reduce 7
	DCONST  reduce 7
	CCONST  reduce 7
	SCONST  reduce 7
	BCONST  reduce 7
	BREAK  reduce 7
	CONTINUE  reduce 7
	FOR  reduce 7
	IF  reduce 7
	RETURN  reduce 7
	WHILE  reduce 7
	NOT  reduce 7

	compound_statement  goto 28
	fun_decl  goto 29


state 25
	var_decl : dtype . ID ASSIGN expr SEMI  (29)

	ID  shift 30
	.  error


state 26
	var_decl_list : var_decl_list var_decl .  (28)

	.  reduce 28


state 27
	fun_decl : FUN . dtype ID LPAREN formal_list_opt RPAREN LBRACE var_decl_list compound_statement RBRACE  (6)

	INT  shift 8
	CHAR  shift 9
	FLOAT  shift 10
	STRING  shift 11
	BOOL  shift 12
	VOID  shift 13
	.  error

	dtype  goto 31


state 28
	node : NODE ID LPAREN formal_list_opt RPAREN LBRACE var_decl_list fun_decl_list compound_statement . RBRACE  (3)
	compound_statement : compound_statement . stmt  (8)

	LPAREN  shift 32
	LBRACE  shift 33
	RBRACE  shift 34
	ID  shift 35
	LCONST  shift 36
	DCONST  shift 37
	CCONST  shift 38
	SCONST  shift 39
	BCONST  shift 40
	BREAK  shift 41
	CONTINUE  shift 42
	FOR  shift 43
	IF  shift 44
	RETURN  shift 45
	WHILE  shift 46
	NOT  shift 47
	.  error

	stmt  goto 48
	expr  goto 49


state 29
	fun_decl_list : fun_decl_list fun_decl .  (5)

	.  reduce 5


state 30
	var_decl : dtype ID . ASSIGN expr SEMI  (29)

	ASSIGN  shift 50
	.  error


state 31
	fun_decl : FUN dtype . ID LPAREN formal_list_opt RPAREN LBRACE var_decl_list compound_statement RBRACE  (6)

	ID  shift 51
	.  error


state 32
	expr : LPAREN . expr RPAREN  (51)

	LPAREN  shift 32
	ID  shift 35
	LCONST  shift 36
	DCONST  shift 37
	CCONST  shift 38
	SCONST  shift 39
	BCONST  shift 40
	NOT  shift 47
	.  error

	expr  goto 52


state 33
	stmt : LBRACE . compound_statement RBRACE  (10)
	compound_statement : .  (7)

	.  reduce 7

	compound_statement  goto 53


state 34
	node : NODE ID LPAREN formal_list_opt RPAREN LBRACE var_decl_list fun_decl_list compound_statement RBRACE .  (3)

	.  reduce 3


state 35
	expr : ID .  (30)
	expr : ID . ASSIGN expr  (31)
	expr : ID . LPAREN actual_list_opt RPAREN  (50)

	ASSIGN  shift 54
	LPAREN  shift 55
	SEMI  reduce 30
	COMMA  reduce 30
	RPAREN  reduce 30
	PLUS  reduce 30
	MINUS  reduce 30
	TIMES  reduce 30
	DIVIDE  reduce 30
	MOD  reduce 30
	EQ  reduce 30
	NEQ  reduce 30
	LT  reduce 30
	GT  reduce 30
	LEQ  reduce 30
	GEQ  reduce 30
	AND  reduce 30
	OR  reduce 30


state 36
	expr : LCONST .  (34)

	.  reduce 34


state 37
	expr : DCONST .  (35)

	.  reduce 35


state 38
	expr : CCONST .  (32)

	.  reduce 32


state 39
	expr : SCONST .  (33)

	.  reduce 33


state 40
	expr : BCONST .  (36)

	.  reduce 36


state 41
	stmt : BREAK . SEMI  (15)

	SEMI  shift 56
	.  error


state 42
	stmt : CONTINUE . SEMI  (16)

	SEMI  shift 57
	.  error


state 43
	stmt : FOR . LPAREN expr SEMI expr SEMI expr RPAREN stmt  (14)

	LPAREN  shift 58
	.  error


state 44
	stmt : IF . LPAREN expr RPAREN stmt  (11)
	stmt : IF . LPAREN expr RPAREN stmt ELSE stmt  (12)

	LPAREN  shift 59
	.  error


state 45
	stmt : RETURN . expr SEMI  (17)
	stmt : RETURN . SEMI  (18)

	SEMI  shift 60
	LPAREN  shift 32
	ID  shift 35
	LCONST  shift 36
	DCONST  shift 37
	CCONST  shift 38
	SCONST  shift 39
	BCONST  shift 40
	NOT  shift 47
	.  error

	expr  goto 61


state 46
	stmt : WHILE . LPAREN expr RPAREN stmt  (13)

	LPAREN  shift 62
	.  error


state 47
	expr : NOT . expr  (52)

	LPAREN  shift 32
	ID  shift 35
	LCONST  shift 36
	DCONST  shift 37
	CCONST  shift 38
	SCONST  shift 39
	BCONST  shift 40
	NOT  shift 47
	.  error

	expr  goto 63


state 48
	compound_statement : compound_statement stmt .  (8)

	.  reduce 8


state 49
	stmt : expr . SEMI  (9)
	expr : expr . PLUS expr  (37)
	expr : expr . MINUS expr  (38)
	expr : expr . TIMES expr  (39)
	expr : expr . DIVIDE expr  (40)
	expr : expr . MOD expr  (41)
	expr : expr . EQ expr  (42)
	expr : expr . NEQ expr  (43)
	expr : expr . LT expr  (44)
	expr : expr . GT expr  (45)
	expr : expr . LEQ expr  (46)
	expr : expr . GEQ expr  (47)
	expr : expr . AND expr  (48)
	expr : expr . OR expr  (49)

	SEMI  shift 64
	PLUS  shift 65
	MINUS  shift 66
	TIMES  shift 67
	DIVIDE  shift 68
	MOD  shift 69
	EQ  shift 70
	NEQ  shift 71
	LT  shift 72
	GT  shift 73
	LEQ  shift 74
	GEQ  shift 75
	AND  shift 76
	OR  shift 77
	.  error


state 50
	var_decl : dtype ID ASSIGN . expr SEMI  (29)

	LPAREN  shift 32
	ID  shift 35
	LCONST  shift 36
	DCONST  shift 37
	CCONST  shift 38
	SCONST  shift 39
	BCONST  shift 40
	NOT  shift 47
	.  error

	expr  goto 78


state 51
	fun_decl : FUN dtype ID . LPAREN formal_list_opt RPAREN LBRACE var_decl_list compound_statement RBRACE  (6)

	LPAREN  shift 79
	.  error


state 52
	expr : expr . PLUS expr  (37)
	expr : expr . MINUS expr  (38)
	expr : expr . TIMES expr  (39)
	expr : expr . DIVIDE expr  (40)
	expr : expr . MOD expr  (41)
	expr : expr . EQ expr  (42)
	expr : expr . NEQ expr  (43)
	expr : expr . LT expr  (44)
	expr : expr . GT expr  (45)
	expr : expr . LEQ expr  (46)
	expr : expr . GEQ expr  (47)
	expr : expr . AND expr  (48)
	expr : expr . OR expr  (49)
	expr : LPAREN expr . RPAREN  (51)

	RPAREN  shift 80
	PLUS  shift 65
	MINUS  shift 66
	TIMES  shift 67
	DIVIDE  shift 68
	MOD  shift 69
	EQ  shift 70
	NEQ  shift 71
	LT  shift 72
	GT  shift 73
	LEQ  shift 74
	GEQ  shift 75
	AND  shift 76
	OR  shift 77
	.  error


state 53
	compound_statement : compound_statement . stmt  (8)
	stmt : LBRACE compound_statement . RBRACE  (10)

	LPAREN  shift 32
	LBRACE  shift 33
	RBRACE  shift 81
	ID  shift 35
	LCONST  shift 36
	DCONST  shift 37
	CCONST  shift 38
	SCONST  shift 39
	BCONST  shift 40
	BREAK  shift 41
	CONTINUE  shift 42
	FOR  shift 43
	IF  shift 44
	RETURN  shift 45
	WHILE  shift 46
	NOT  shift 47
	.  error

	stmt  goto 48
	expr  goto 49


state 54
	expr : ID ASSIGN . expr  (31)

	LPAREN  shift 32
	ID  shift 35
	LCONST  shift 36
	DCONST  shift 37
	CCONST  shift 38
	SCONST  shift 39
	BCONST  shift 40
	NOT  shift 47
	.  error

	expr  goto 82


state 55
	expr : ID LPAREN . actual_list_opt RPAREN  (50)
	actual_list_opt : .  (23)

	LPAREN  shift 32
	ID  shift 35
	LCONST  shift 36
	DCONST  shift 37
	CCONST  shift 38
	SCONST  shift 39
	BCONST  shift 40
	NOT  shift 47
	RPAREN  reduce 23

	expr  goto 83
	actual_list_opt  goto 84
	actual_list  goto 85


state 56
	stmt : BREAK SEMI .  (15)

	.  reduce 15


state 57
	stmt : CONTINUE SEMI .  (16)

	.  reduce 16


state 58
	stmt : FOR LPAREN . expr SEMI expr SEMI expr RPAREN stmt  (14)

	LPAREN  shift 32
	ID  shift 35
	LCONST  shift 36
	DCONST  shift 37
	CCONST  shift 38
	SCONST  shift 39
	BCONST  shift 40
	NOT  shift 47
	.  error

	expr  goto 86


state 59
	stmt : IF LPAREN . expr RPAREN stmt  (11)
	stmt : IF LPAREN . expr RPAREN stmt ELSE stmt  (12)

	LPAREN  shift 32
	ID  shift 35
	LCONST  shift 36
	DCONST  shift 37
	CCONST  shift 38
	SCONST  shift 39
	BCONST  shift 40
	NOT  shift 47
	.  error

	expr  goto 87


state 60
	stmt : RETURN SEMI .  (18)

	.  reduce 18


state 61
	stmt : RETURN expr . SEMI  (17)
	expr : expr . PLUS expr  (37)
	expr : expr . MINUS expr  (38)
	expr : expr . TIMES expr  (39)
	expr : expr . DIVIDE expr  (40)
	expr : expr . MOD expr  (41)
	expr : expr . EQ expr  (42)
	expr : expr . NEQ expr  (43)
	expr : expr . LT expr  (44)
	expr : expr . GT expr  (45)
	expr : expr . LEQ expr  (46)
	expr : expr . GEQ expr  (47)
	expr : expr . AND expr  (48)
	expr : expr . OR expr  (49)

	SEMI  shift 88
	PLUS  shift 65
	MINUS  shift 66
	TIMES  shift 67
	DIVIDE  shift 68
	MOD  shift 69
	EQ  shift 70
	NEQ  shift 71
	LT  shift 72
	GT  shift 73
	LEQ  shift 74
	GEQ  shift 75
	AND  shift 76
	OR  shift 77
	.  error


state 62
	stmt : WHILE LPAREN . expr RPAREN stmt  (13)

	LPAREN  shift 32
	ID  shift 35
	LCONST  shift 36
	DCONST  shift 37
	CCONST  shift 38
	SCONST  shift 39
	BCONST  shift 40
	NOT  shift 47
	.  error

	expr  goto 89


state 63
	expr : expr . PLUS expr  (37)
	expr : expr . MINUS expr  (38)
	expr : expr . TIMES expr  (39)
	expr : expr . DIVIDE expr  (40)
	expr : expr . MOD expr  (41)
	expr : expr . EQ expr  (42)
	expr : expr . NEQ expr  (43)
	expr : expr . LT expr  (44)
	expr : expr . GT expr  (45)
	expr : expr . LEQ expr  (46)
	expr : expr . GEQ expr  (47)
	expr : expr . AND expr  (48)
	expr : expr . OR expr  (49)
	expr : NOT expr .  (52)

	.  reduce 52


state 64
	stmt : expr SEMI .  (9)

	.  reduce 9


state 65
	expr : expr PLUS . expr  (37)

	LPAREN  shift 32
	ID  shift 35
	LCONST  shift 36
	DCONST  shift 37
	CCONST  shift 38
	SCONST  shift 39
	BCONST  shift 40
	NOT  shift 47
	.  error

	expr  goto 90


state 66
	expr : expr MINUS . expr  (38)

	LPAREN  shift 32
	ID  shift 35
	LCONST  shift 36
	DCONST  shift 37
	CCONST  shift 38
	SCONST  shift 39
	BCONST  shift 40
	NOT  shift 47
	.  error

	expr  goto 91


state 67
	expr : expr TIMES . expr  (39)

	LPAREN  shift 32
	ID  shift 35
	LCONST  shift 36
	DCONST  shift 37
	CCONST  shift 38
	SCONST  shift 39
	BCONST  shift 40
	NOT  shift 47
	.  error

	expr  goto 92


state 68
	expr : expr DIVIDE . expr  (40)

	LPAREN  shift 32
	ID  shift 35
	LCONST  shift 36
	DCONST  shift 37
	CCONST  shift 38
	SCONST  shift 39
	BCONST  shift 40
	NOT  shift 47
	.  error

	expr  goto 93


state 69
	expr : expr MOD . expr  (41)

	LPAREN  shift 32
	ID  shift 35
	LCONST  shift 36
	DCONST  shift 37
	CCONST  shift 38
	SCONST  shift 39
	BCONST  shift 40
	NOT  shift 47
	.  error

	expr  goto 94


state 70
	expr : expr EQ . expr  (42)

	LPAREN  shift 32
	ID  shift 35
	LCONST  shift 36
	DCONST  shift 37
	CCONST  shift 38
	SCONST  shift 39
	BCONST  shift 40
	NOT  shift 47
	.  error

	expr  goto 95


state 71
	expr : expr NEQ . expr  (43)

	LPAREN  shift 32
	ID  shift 35
	LCONST  shift 36
	DCONST  shift 37
	CCONST  shift 38
	SCONST  shift 39
	BCONST  shift 40
	NOT  shift 47
	.  error

	expr  goto 96


state 72
	expr : expr LT . expr  (44)

	LPAREN  shift 32
	ID  shift 35
	LCONST  shift 36
	DCONST  shift 37
	CCONST  shift 38
	SCONST  shift 39
	BCONST  shift 40
	NOT  shift 47
	.  error

	expr  goto 97


state 73
	expr : expr GT . expr  (45)

	LPAREN  shift 32
	ID  shift 35
	LCONST  shift 36
	DCONST  shift 37
	CCONST  shift 38
	SCONST  shift 39
	BCONST  shift 40
	NOT  shift 47
	.  error

	expr  goto 98


state 74
	expr : expr LEQ . expr  (46)

	LPAREN  shift 32
	ID  shift 35
	LCONST  shift 36
	DCONST  shift 37
	CCONST  shift 38
	SCONST  shift 39
	BCONST  shift 40
	NOT  shift 47
	.  error

	expr  goto 99


state 75
	expr : expr GEQ . expr  (47)

	LPAREN  shift 32
	ID  shift 35
	LCONST  shift 36
	DCONST  shift 37
	CCONST  shift 38
	SCONST  shift 39
	BCONST  shift 40
	NOT  shift 47
	.  error

	expr  goto 100


state 76
	expr : expr AND . expr  (48)

	LPAREN  shift 32
	ID  shift 35
	LCONST  shift 36
	DCONST  shift 37
	CCONST  shift 38
	SCONST  shift 39
	BCONST  shift 40
	NOT  shift 47
	.  error

	expr  goto 101


state 77
	expr : expr OR . expr  (49)

	LPAREN  shift 32
	ID  shift 35
	LCONST  shift 36
	DCONST  shift 37
	CCONST  shift 38
	SCONST  shift 39
	BCONST  shift 40
	NOT  shift 47
	.  error

	expr  goto 102


state 78
	var_decl : dtype ID ASSIGN expr . SEMI  (29)
	expr : expr . PLUS expr  (37)
	expr : expr . MINUS expr  (38)
	expr : expr . TIMES expr  (39)
	expr : expr . DIVIDE expr  (40)
	expr : expr . MOD expr  (41)
	expr : expr . EQ expr  (42)
	expr : expr . NEQ expr  (43)
	expr : expr . LT expr  (44)
	expr : expr . GT expr  (45)
	expr : expr . LEQ expr  (46)
	expr : expr . GEQ expr  (47)
	expr : expr . AND expr  (48)
	expr : expr . OR expr  (49)

	SEMI  shift 103
	PLUS  shift 65
	MINUS  shift 66
	TIMES  shift 67
	DIVIDE  shift 68
	MOD  shift 69
	EQ  shift 70
	NEQ  shift 71
	LT  shift 72
	GT  shift 73
	LEQ  shift 74
	GEQ  shift 75
	AND  shift 76
	OR  shift 77
	.  error


state 79
	fun_decl : FUN dtype ID LPAREN . formal_list_opt RPAREN LBRACE var_decl_list compound_statement RBRACE  (6)
	formal_list_opt : .  (19)

	INT  shift 8
	CHAR  shift 9
	FLOAT  shift 10
	STRING  shift 11
	BOOL  shift 12
	VOID  shift 13
	RPAREN  reduce 19

	formal_list_opt  goto 104
	dtype  goto 15
	formal_list  goto 16


state 80
	expr : LPAREN expr RPAREN .  (51)

	.  reduce 51


state 81
	stmt : LBRACE compound_statement RBRACE .  (10)

	.  reduce 10


state 82
	expr : ID ASSIGN expr .  (31)
	expr : expr . PLUS expr  (37)
	expr : expr . MINUS expr  (38)
	expr : expr . TIMES expr  (39)
	expr : expr . DIVIDE expr  (40)
	expr : expr . MOD expr  (41)
	expr : expr . EQ expr  (42)
	expr : expr . NEQ expr  (43)
	expr : expr . LT expr  (44)
	expr : expr . GT expr  (45)
	expr : expr . LEQ expr  (46)
	expr : expr . GEQ expr  (47)
	expr : expr . AND expr  (48)
	expr : expr . OR expr  (49)

	PLUS  shift 65
	MINUS  shift 66
	TIMES  shift 67
	DIVIDE  shift 68
	MOD  shift 69
	EQ  shift 70
	NEQ  shift 71
	LT  shift 72
	GT  shift 73
	LEQ  shift 74
	GEQ  shift 75
	AND  shift 76
	OR  shift 77
	SEMI  reduce 31
	COMMA  reduce 31
	RPAREN  reduce 31


state 83
	actual_list : expr .  (25)
	expr : expr . PLUS expr  (37)
	expr : expr . MINUS expr  (38)
	expr : expr . TIMES expr  (39)
	expr : expr . DIVIDE expr  (40)
	expr : expr . MOD expr  (41)
	expr : expr . EQ expr  (42)
	expr : expr . NEQ expr  (43)
	expr : expr . LT expr  (44)
	expr : expr . GT expr  (45)
	expr : expr . LEQ expr  (46)
	expr : expr . GEQ expr  (47)
	expr : expr . AND expr  (48)
	expr : expr . OR expr  (49)

	PLUS  shift 65
	MINUS  shift 66
	TIMES  shift 67
	DIVIDE  shift 68
	MOD  shift 69
	EQ  shift 70
	NEQ  shift 71
	LT  shift 72
	GT  shift 73
	LEQ  shift 74
	GEQ  shift 75
	AND  shift 76
	OR  shift 77
	COMMA  reduce 25
	RPAREN  reduce 25


state 84
	expr : ID LPAREN actual_list_opt . RPAREN  (50)

	RPAREN  shift 105
	.  error


state 85
	actual_list_opt : actual_list .  (24)
	actual_list : actual_list . COMMA expr  (26)

	COMMA  shift 106
	RPAREN  reduce 24


state 86
	stmt : FOR LPAREN expr . SEMI expr SEMI expr RPAREN stmt  (14)
	expr : expr . PLUS expr  (37)
	expr : expr . MINUS expr  (38)
	expr : expr . TIMES expr  (39)
	expr : expr . DIVIDE expr  (40)
	expr : expr . MOD expr  (41)
	expr : expr . EQ expr  (42)
	expr : expr . NEQ expr  (43)
	expr : expr . LT expr  (44)
	expr : expr . GT expr  (45)
	expr : expr . LEQ expr  (46)
	expr : expr . GEQ expr  (47)
	expr : expr . AND expr  (48)
	expr : expr . OR expr  (49)

	SEMI  shift 107
	PLUS  shift 65
	MINUS  shift 66
	TIMES  shift 67
	DIVIDE  shift 68
	MOD  shift 69
	EQ  shift 70
	NEQ  shift 71
	LT  shift 72
	GT  shift 73
	LEQ  shift 74
	GEQ  shift 75
	AND  shift 76
	OR  shift 77
	.  error


state 87
	stmt : IF LPAREN expr . RPAREN stmt  (11)
	stmt : IF LPAREN expr . RPAREN stmt ELSE stmt  (12)
	expr : expr . PLUS expr  (37)
	expr : expr . MINUS expr  (38)
	expr : expr . TIMES expr  (39)
	expr : expr . DIVIDE expr  (40)
	expr : expr . MOD expr  (41)
	expr : expr . EQ expr  (42)
	expr : expr . NEQ expr  (43)
	expr : expr . LT expr  (44)
	expr : expr . GT expr  (45)
	expr : expr . LEQ expr  (46)
	expr : expr . GEQ expr  (47)
	expr : expr . AND expr  (48)
	expr : expr . OR expr  (49)

	RPAREN  shift 108
	PLUS  shift 65
	MINUS  shift 66
	TIMES  shift 67
	DIVIDE  shift 68
	MOD  shift 69
	EQ  shift 70
	NEQ  shift 71
	LT  shift 72
	GT  shift 73
	LEQ  shift 74
	GEQ  shift 75
	AND  shift 76
	OR  shift 77
	.  error


state 88
	stmt : RETURN expr SEMI .  (17)

	.  reduce 17


state 89
	stmt : WHILE LPAREN expr . RPAREN stmt  (13)
	expr : expr . PLUS expr  (37)
	expr : expr . MINUS expr  (38)
	expr : expr . TIMES expr  (39)
	expr : expr . DIVIDE expr  (40)
	expr : expr . MOD expr  (41)
	expr : expr . EQ expr  (42)
	expr : expr . NEQ expr  (43)
	expr : expr . LT expr  (44)
	expr : expr . GT expr  (45)
	expr : expr . LEQ expr  (46)
	expr : expr . GEQ expr  (47)
	expr : expr . AND expr  (48)
	expr : expr . OR expr  (49)

	RPAREN  shift 109
	PLUS  shift 65
	MINUS  shift 66
	TIMES  shift 67
	DIVIDE  shift 68
	MOD  shift 69
	EQ  shift 70
	NEQ  shift 71
	LT  shift 72
	GT  shift 73
	LEQ  shift 74
	GEQ  shift 75
	AND  shift 76
	OR  shift 77
	.  error


state 90
	expr : expr . PLUS expr  (37)
	expr : expr PLUS expr .  (37)
	expr : expr . MINUS expr  (38)
	expr : expr . TIMES expr  (39)
	expr : expr . DIVIDE expr  (40)
	expr : expr . MOD expr  (41)
	expr : expr . EQ expr  (42)
	expr : expr . NEQ expr  (43)
	expr : expr . LT expr  (44)
	expr : expr . GT expr  (45)
	expr : expr . LEQ expr  (46)
	expr : expr . GEQ expr  (47)
	expr : expr . AND expr  (48)
	expr : expr . OR expr  (49)

	EQ  shift 70
	NEQ  shift 71
	LT  shift 72
	GT  shift 73
	LEQ  shift 74
	GEQ  shift 75
	AND  shift 76
	OR  shift 77
	SEMI  reduce 37
	COMMA  reduce 37
	RPAREN  reduce 37
	PLUS  reduce 37
	MINUS  reduce 37
	TIMES  reduce 37
	DIVIDE  reduce 37
	MOD  reduce 37


state 91
	expr : expr . PLUS expr  (37)
	expr : expr . MINUS expr  (38)
	expr : expr MINUS expr .  (38)
	expr : expr . TIMES expr  (39)
	expr : expr . DIVIDE expr  (40)
	expr : expr . MOD expr  (41)
	expr : expr . EQ expr  (42)
	expr : expr . NEQ expr  (43)
	expr : expr . LT expr  (44)
	expr : expr . GT expr  (45)
	expr : expr . LEQ expr  (46)
	expr : expr . GEQ expr  (47)
	expr : expr . AND expr  (48)
	expr : expr . OR expr  (49)

	EQ  shift 70
	NEQ  shift 71
	LT  shift 72
	GT  shift 73
	LEQ  shift 74
	GEQ  shift 75
	AND  shift 76
	OR  shift 77
	SEMI  reduce 38
	COMMA  reduce 38
	RPAREN  reduce 38
	PLUS  reduce 38
	MINUS  reduce 38
	TIMES  reduce 38
	DIVIDE  reduce 38
	MOD  reduce 38


state 92
	expr : expr . PLUS expr  (37)
	expr : expr . MINUS expr  (38)
	expr : expr . TIMES expr  (39)
	expr : expr TIMES expr .  (39)
	expr : expr . DIVIDE expr  (40)
	expr : expr . MOD expr  (41)
	expr : expr . EQ expr  (42)
	expr : expr . NEQ expr  (43)
	expr : expr . LT expr  (44)
	expr : expr . GT expr  (45)
	expr : expr . LEQ expr  (46)
	expr : expr . GEQ expr  (47)
	expr : expr . AND expr  (48)
	expr : expr . OR expr  (49)

	EQ  shift 70
	NEQ  shift 71
	LT  shift 72
	GT  shift 73
	LEQ  shift 74
	GEQ  shift 75
	AND  shift 76
	OR  shift 77
	SEMI  reduce 39
	COMMA  reduce 39
	RPAREN  reduce 39
	PLUS  reduce 39
	MINUS  reduce 39
	TIMES  reduce 39
	DIVIDE  reduce 39
	MOD  reduce 39


state 93
	expr : expr . PLUS expr  (37)
	expr : expr . MINUS expr  (38)
	expr : expr . TIMES expr  (39)
	expr : expr . DIVIDE expr  (40)
	expr : expr DIVIDE expr .  (40)
	expr : expr . MOD expr  (41)
	expr : expr . EQ expr  (42)
	expr : expr . NEQ expr  (43)
	expr : expr . LT expr  (44)
	expr : expr . GT expr  (45)
	expr : expr . LEQ expr  (46)
	expr : expr . GEQ expr  (47)
	expr : expr . AND expr  (48)
	expr : expr . OR expr  (49)

	EQ  shift 70
	NEQ  shift 71
	LT  shift 72
	GT  shift 73
	LEQ  shift 74
	GEQ  shift 75
	AND  shift 76
	OR  shift 77
	SEMI  reduce 40
	COMMA  reduce 40
	RPAREN  reduce 40
	PLUS  reduce 40
	MINUS  reduce 40
	TIMES  reduce 40
	DIVIDE  reduce 40
	MOD  reduce 40


state 94
	expr : expr . PLUS expr  (37)
	expr : expr . MINUS expr  (38)
	expr : expr . TIMES expr  (39)
	expr : expr . DIVIDE expr  (40)
	expr : expr . MOD expr  (41)
	expr : expr MOD expr .  (41)
	expr : expr . EQ expr  (42)
	expr : expr . NEQ expr  (43)
	expr : expr . LT expr  (44)
	expr : expr . GT expr  (45)
	expr : expr . LEQ expr  (46)
	expr : expr . GEQ expr  (47)
	expr : expr . AND expr  (48)
	expr : expr . OR expr  (49)

	EQ  shift 70
	NEQ  shift 71
	LT  shift 72
	GT  shift 73
	LEQ  shift 74
	GEQ  shift 75
	AND  shift 76
	OR  shift 77
	SEMI  reduce 41
	COMMA  reduce 41
	RPAREN  reduce 41
	PLUS  reduce 41
	MINUS  reduce 41
	TIMES  reduce 41
	DIVIDE  reduce 41
	MOD  reduce 41


state 95
	expr : expr . PLUS expr  (37)
	expr : expr . MINUS expr  (38)
	expr : expr . TIMES expr  (39)
	expr : expr . DIVIDE expr  (40)
	expr : expr . MOD expr  (41)
	expr : expr . EQ expr  (42)
	expr : expr EQ expr .  (42)
	expr : expr . NEQ expr  (43)
	expr : expr . LT expr  (44)
	expr : expr . GT expr  (45)
	expr : expr . LEQ expr  (46)
	expr : expr . GEQ expr  (47)
	expr : expr . AND expr  (48)
	expr : expr . OR expr  (49)

	AND  shift 76
	OR  shift 77
	SEMI  reduce 42
	COMMA  reduce 42
	RPAREN  reduce 42
	PLUS  reduce 42
	MINUS  reduce 42
	TIMES  reduce 42
	DIVIDE  reduce 42
	MOD  reduce 42
	EQ  reduce 42
	NEQ  reduce 42
	LT  reduce 42
	GT  reduce 42
	LEQ  reduce 42
	GEQ  reduce 42


state 96
	expr : expr . PLUS expr  (37)
	expr : expr . MINUS expr  (38)
	expr : expr . TIMES expr  (39)
	expr : expr . DIVIDE expr  (40)
	expr : expr . MOD expr  (41)
	expr : expr . EQ expr  (42)
	expr : expr . NEQ expr  (43)
	expr : expr NEQ expr .  (43)
	expr : expr . LT expr  (44)
	expr : expr . GT expr  (45)
	expr : expr . LEQ expr  (46)
	expr : expr . GEQ expr  (47)
	expr : expr . AND expr  (48)
	expr : expr . OR expr  (49)

	AND  shift 76
	OR  shift 77
	SEMI  reduce 43
	COMMA  reduce 43
	RPAREN  reduce 43
	PLUS  reduce 43
	MINUS  reduce 43
	TIMES  reduce 43
	DIVIDE  reduce 43
	MOD  reduce 43
	EQ  reduce 43
	NEQ  reduce 43
	LT  reduce 43
	GT  reduce 43
	LEQ  reduce 43
	GEQ  reduce 43


state 97
	expr : expr . PLUS expr  (37)
	expr : expr . MINUS expr  (38)
	expr : expr . TIMES expr  (39)
	expr : expr . DIVIDE expr  (40)
	expr : expr . MOD expr  (41)
	expr : expr . EQ expr  (42)
	expr : expr . NEQ expr  (43)
	expr : expr . LT expr  (44)
	expr : expr LT expr .  (44)
	expr : expr . GT expr  (45)
	expr : expr . LEQ expr  (46)
	expr : expr . GEQ expr  (47)
	expr : expr . AND expr  (48)
	expr : expr . OR expr  (49)

	AND  shift 76
	OR  shift 77
	SEMI  reduce 44
	COMMA  reduce 44
	RPAREN  reduce 44
	PLUS  reduce 44
	MINUS  reduce 44
	TIMES  reduce 44
	DIVIDE  reduce 44
	MOD  reduce 44
	EQ  reduce 44
	NEQ  reduce 44
	LT  reduce 44
	GT  reduce 44
	LEQ  reduce 44
	GEQ  reduce 44


state 98
	expr : expr . PLUS expr  (37)
	expr : expr . MINUS expr  (38)
	expr : expr . TIMES expr  (39)
	expr : expr . DIVIDE expr  (40)
	expr : expr . MOD expr  (41)
	expr : expr . EQ expr  (42)
	expr : expr . NEQ expr  (43)
	expr : expr . LT expr  (44)
	expr : expr . GT expr  (45)
	expr : expr GT expr .  (45)
	expr : expr . LEQ expr  (46)
	expr : expr . GEQ expr  (47)
	expr : expr . AND expr  (48)
	expr : expr . OR expr  (49)

	AND  shift 76
	OR  shift 77
	SEMI  reduce 45
	COMMA  reduce 45
	RPAREN  reduce 45
	PLUS  reduce 45
	MINUS  reduce 45
	TIMES  reduce 45
	DIVIDE  reduce 45
	MOD  reduce 45
	EQ  reduce 45
	NEQ  reduce 45
	LT  reduce 45
	GT  reduce 45
	LEQ  reduce 45
	GEQ  reduce 45


state 99
	expr : expr . PLUS expr  (37)
	expr : expr . MINUS expr  (38)
	expr : expr . TIMES expr  (39)
	expr : expr . DIVIDE expr  (40)
	expr : expr . MOD expr  (41)
	expr : expr . EQ expr  (42)
	expr : expr . NEQ expr  (43)
	expr : expr . LT expr  (44)
	expr : expr . GT expr  (45)
	expr : expr . LEQ expr  (46)
	expr : expr LEQ expr .  (46)
	expr : expr . GEQ expr  (47)
	expr : expr . AND expr  (48)
	expr : expr . OR expr  (49)

	AND  shift 76
	OR  shift 77
	SEMI  reduce 46
	COMMA  reduce 46
	RPAREN  reduce 46
	PLUS  reduce 46
	MINUS  reduce 46
	TIMES  reduce 46
	DIVIDE  reduce 46
	MOD  reduce 46
	EQ  reduce 46
	NEQ  reduce 46
	LT  reduce 46
	GT  reduce 46
	LEQ  reduce 46
	GEQ  reduce 46


state 100
	expr : expr . PLUS expr  (37)
	expr : expr . MINUS expr  (38)
	expr : expr . TIMES expr  (39)
	expr : expr . DIVIDE expr  (40)
	expr : expr . MOD expr  (41)
	expr : expr . EQ expr  (42)
	expr : expr . NEQ expr  (43)
	expr : expr . LT expr  (44)
	expr : expr . GT expr  (45)
	expr : expr . LEQ expr  (46)
	expr : expr . GEQ expr  (47)
	expr : expr GEQ expr .  (47)
	expr : expr . AND expr  (48)
	expr : expr . OR expr  (49)

	AND  shift 76
	OR  shift 77
	SEMI  reduce 47
	COMMA  reduce 47
	RPAREN  reduce 47
	PLUS  reduce 47
	MINUS  reduce 47
	TIMES  reduce 47
	DIVIDE  reduce 47
	MOD  reduce 47
	EQ  reduce 47
	NEQ  reduce 47
	LT  reduce 47
	GT  reduce 47
	LEQ  reduce 47
	GEQ  reduce 47


state 101
	expr : expr . PLUS expr  (37)
	expr : expr . MINUS expr  (38)
	expr : expr . TIMES expr  (39)
	expr : expr . DIVIDE expr  (40)
	expr : expr . MOD expr  (41)
	expr : expr . EQ expr  (42)
	expr : expr . NEQ expr  (43)
	expr : expr . LT expr  (44)
	expr : expr . GT expr  (45)
	expr : expr . LEQ expr  (46)
	expr : expr . GEQ expr  (47)
	expr : expr . AND expr  (48)
	expr : expr AND expr .  (48)
	expr : expr . OR expr  (49)

	.  reduce 48


state 102
	expr : expr . PLUS expr  (37)
	expr : expr . MINUS expr  (38)
	expr : expr . TIMES expr  (39)
	expr : expr . DIVIDE expr  (40)
	expr : expr . MOD expr  (41)
	expr : expr . EQ expr  (42)
	expr : expr . NEQ expr  (43)
	expr : expr . LT expr  (44)
	expr : expr . GT expr  (45)
	expr : expr . LEQ expr  (46)
	expr : expr . GEQ expr  (47)
	expr : expr . AND expr  (48)
	expr : expr . OR expr  (49)
	expr : expr OR expr .  (49)

	.  reduce 49


state 103
	var_decl : dtype ID ASSIGN expr SEMI .  (29)

	.  reduce 29


state 104
	fun_decl : FUN dtype ID LPAREN formal_list_opt . RPAREN LBRACE var_decl_list compound_statement RBRACE  (6)

	RPAREN  shift 110
	.  error


state 105
	expr : ID LPAREN actual_list_opt RPAREN .  (50)

	.  reduce 50


state 106
	actual_list : actual_list COMMA . expr  (26)

	LPAREN  shift 32
	ID  shift 35
	LCONST  shift 36
	DCONST  shift 37
	CCONST  shift 38
	SCONST  shift 39
	BCONST  shift 40
	NOT  shift 47
	.  error

	expr  goto 111


state 107
	stmt : FOR LPAREN expr SEMI . expr SEMI expr RPAREN stmt  (14)

	LPAREN  shift 32
	ID  shift 35
	LCONST  shift 36
	DCONST  shift 37
	CCONST  shift 38
	SCONST  shift 39
	BCONST  shift 40
	NOT  shift 47
	.  error

	expr  goto 112


state 108
	stmt : IF LPAREN expr RPAREN . stmt  (11)
	stmt : IF LPAREN expr RPAREN . stmt ELSE stmt  (12)

	LPAREN  shift 32
	LBRACE  shift 33
	ID  shift 35
	LCONST  shift 36
	DCONST  shift 37
	CCONST  shift 38
	SCONST  shift 39
	BCONST  shift 40
	BREAK  shift 41
	CONTINUE  shift 42
	FOR  shift 43
	IF  shift 44
	RETURN  shift 45
	WHILE  shift 46
	NOT  shift 47
	.  error

	stmt  goto 113
	expr  goto 49


state 109
	stmt : WHILE LPAREN expr RPAREN . stmt  (13)

	LPAREN  shift 32
	LBRACE  shift 33
	ID  shift 35
	LCONST  shift 36
	DCONST  shift 37
	CCONST  shift 38
	SCONST  shift 39
	BCONST  shift 40
	BREAK  shift 41
	CONTINUE  shift 42
	FOR  shift 43
	IF  shift 44
	RETURN  shift 45
	WHILE  shift 46
	NOT  shift 47
	.  error

	stmt  goto 114
	expr  goto 49


state 110
	fun_decl : FUN dtype ID LPAREN formal_list_opt RPAREN . LBRACE var_decl_list compound_statement RBRACE  (6)

	LBRACE  shift 115
	.  error


state 111
	actual_list : actual_list COMMA expr .  (26)
	expr : expr . PLUS expr  (37)
	expr : expr . MINUS expr  (38)
	expr : expr . TIMES expr  (39)
	expr : expr . DIVIDE expr  (40)
	expr : expr . MOD expr  (41)
	expr : expr . EQ expr  (42)
	expr : expr . NEQ expr  (43)
	expr : expr . LT expr  (44)
	expr : expr . GT expr  (45)
	expr : expr . LEQ expr  (46)
	expr : expr . GEQ expr  (47)
	expr : expr . AND expr  (48)
	expr : expr . OR expr  (49)

	PLUS  shift 65
	MINUS  shift 66
	TIMES  shift 67
	DIVIDE  shift 68
	MOD  shift 69
	EQ  shift 70
	NEQ  shift 71
	LT  shift 72
	GT  shift 73
	LEQ  shift 74
	GEQ  shift 75
	AND  shift 76
	OR  shift 77
	COMMA  reduce 26
	RPAREN  reduce 26


state 112
	stmt : FOR LPAREN expr SEMI expr . SEMI expr RPAREN stmt  (14)
	expr : expr . PLUS expr  (37)
	expr : expr . MINUS expr  (38)
	expr : expr . TIMES expr  (39)
	expr : expr . DIVIDE expr  (40)
	expr : expr . MOD expr  (41)
	expr : expr . EQ expr  (42)
	expr : expr . NEQ expr  (43)
	expr : expr . LT expr  (44)
	expr : expr . GT expr  (45)
	expr : expr . LEQ expr  (46)
	expr : expr . GEQ expr  (47)
	expr : expr . AND expr  (48)
	expr : expr . OR expr  (49)

	SEMI  shift 116
	PLUS  shift 65
	MINUS  shift 66
	TIMES  shift 67
	DIVIDE  shift 68
	MOD  shift 69
	EQ  shift 70
	NEQ  shift 71
	LT  shift 72
	GT  shift 73
	LEQ  shift 74
	GEQ  shift 75
	AND  shift 76
	OR  shift 77
	.  error


state 113
	stmt : IF LPAREN expr RPAREN stmt .  (11)
	stmt : IF LPAREN expr RPAREN stmt . ELSE stmt  (12)

	.  reduce 11


state 114
	stmt : WHILE LPAREN expr RPAREN stmt .  (13)

	.  reduce 13


state 115
	fun_decl : FUN dtype ID LPAREN formal_list_opt RPAREN LBRACE . var_decl_list compound_statement RBRACE  (6)
	var_decl_list : .  (27)

	.  reduce 27

	var_decl_list  goto 118


state 116
	stmt : FOR LPAREN expr SEMI expr SEMI . expr RPAREN stmt  (14)

	LPAREN  shift 32
	ID  shift 35
	LCONST  shift 36
	DCONST  shift 37
	CCONST  shift 38
	SCONST  shift 39
	BCONST  shift 40
	NOT  shift 47
	.  error

	expr  goto 119


state 117
	stmt : IF LPAREN expr RPAREN stmt ELSE . stmt  (12)

	LPAREN  shift 32
	LBRACE  shift 33
	ID  shift 35
	LCONST  shift 36
	DCONST  shift 37
	CCONST  shift 38
	SCONST  shift 39
	BCONST  shift 40
	BREAK  shift 41
	CONTINUE  shift 42
	FOR  shift 43
	IF  shift 44
	RETURN  shift 45
	WHILE  shift 46
	NOT  shift 47
	.  error

	stmt  goto 120
	expr  goto 49


state 118
	fun_decl : FUN dtype ID LPAREN formal_list_opt RPAREN LBRACE var_decl_list . compound_statement RBRACE  (6)
	var_decl_list : var_decl_list . var_decl  (28)
	compound_statement : .  (7)

	INT  shift 8
	CHAR  shift 9
	FLOAT  shift 10
	STRING  shift 11
	BOOL  shift 12
	VOID  shift 13
	LPAREN  reduce 7
	LBRACE  reduce 7
	RBRACE  reduce 7
	ID  reduce 7
	LCONST  reduce 7
	DCONST  reduce 7
	CCONST  reduce 7
	SCONST  reduce 7
	BCONST  reduce 7
	BREAK  reduce 7
	CONTINUE  reduce 7
	FOR  reduce 7
	IF  reduce 7
	RETURN  reduce 7
	WHILE  reduce 7
	NOT  reduce 7

	compound_statement  goto 121
	dtype  goto 25
	var_decl  goto 26


state 119
	stmt : FOR LPAREN expr SEMI expr SEMI expr . RPAREN stmt  (14)
	expr : expr . PLUS expr  (37)
	expr : expr . MINUS expr  (38)
	expr : expr . TIMES expr  (39)
	expr : expr . DIVIDE expr  (40)
	expr : expr . MOD expr  (41)
	expr : expr . EQ expr  (42)
	expr : expr . NEQ expr  (43)
	expr : expr . LT expr  (44)
	expr : expr . GT expr  (45)
	expr : expr . LEQ expr  (46)
	expr : expr . GEQ expr  (47)
	expr : expr . AND expr  (48)
	expr : expr . OR expr  (49)

	RPAREN  shift 122
	PLUS  shift 65
	MINUS  shift 66
	TIMES  shift 67
	DIVIDE  shift 68
	MOD  shift 69
	EQ  shift 70
	NEQ  shift 71
	LT  shift 72
	GT  shift 73
	LEQ  shift 74
	GEQ  shift 75
	AND  shift 76
	OR  shift 77
	.  error


state 120
	stmt : IF LPAREN expr RPAREN stmt ELSE stmt .  (12)

	.  reduce 12


state 121
	fun_decl : FUN dtype ID LPAREN formal_list_opt RPAREN LBRACE var_decl_list compound_statement . RBRACE  (6)
	compound_statement : compound_statement . stmt  (8)

	LPAREN  shift 32
	LBRACE  shift 33
	RBRACE  shift 123
	ID  shift 35
	LCONST  shift 36
	DCONST  shift 37
	CCONST  shift 38
	SCONST  shift 39
	BCONST  shift 40
	BREAK  shift 41
	CONTINUE  shift 42
	FOR  shift 43
	IF  shift 44
	RETURN  shift 45
	WHILE  shift 46
	NOT  shift 47
	.  error

	stmt  goto 48
	expr  goto 49


state 122
	stmt : FOR LPAREN expr SEMI expr SEMI expr RPAREN . stmt  (14)

	LPAREN  shift 32
	LBRACE  shift 33
	ID  shift 35
	LCONST  shift 36
	DCONST  shift 37
	CCONST  shift 38
	SCONST  shift 39
	BCONST  shift 40
	BREAK  shift 41
	CONTINUE  shift 42
	FOR  shift 43
	IF  shift 44
	RETURN  shift 45
	WHILE  shift 46
	NOT  shift 47
	.  error

	stmt  goto 124
	expr  goto 49


state 123
	fun_decl : FUN dtype ID LPAREN formal_list_opt RPAREN LBRACE var_decl_list compound_statement RBRACE .  (6)

	.  reduce 6


state 124
	stmt : FOR LPAREN expr SEMI expr SEMI expr RPAREN stmt .  (14)

	.  reduce 14


61 terminals, 16 nonterminals
60 grammar rules, 125 states
